0 info it worked if it ends with ok
1 verbose cli [ 'c:\\Program Files\\nodejs\\node.exe',
1 verbose cli   'c:\\Program Files\\nodejs\\node_modules\\npm\\bin\\npm-cli.js',
1 verbose cli   'publish' ]
2 info using npm@2.5.1
3 info using node@v0.12.1
4 verbose publish [ '.' ]
5 silly cache add args [ '.', null ]
6 verbose cache add spec .
7 silly cache add parsed spec { raw: '.',
7 silly cache add   scope: null,
7 silly cache add   name: null,
7 silly cache add   rawSpec: '.',
7 silly cache add   spec: 'c:\\Users\\amresh\\NodeJS_Projects\\matrix',
7 silly cache add   type: 'directory' }
8 verbose addLocalDirectory C:\Users\amresh\AppData\Roaming\npm-cache\Matrix_soup\1.0.0\package.tgz not in flight; packing
9 verbose tar pack [ 'C:\\Users\\amresh\\AppData\\Roaming\\npm-cache\\Matrix_soup\\1.0.0\\package.tgz',
9 verbose tar pack   'c:\\Users\\amresh\\NodeJS_Projects\\matrix' ]
10 verbose tarball C:\Users\amresh\AppData\Roaming\npm-cache\Matrix_soup\1.0.0\package.tgz
11 verbose folder c:\Users\amresh\NodeJS_Projects\matrix
12 info prepublish Matrix_soup@1.0.0
13 verbose addLocalTarball adding from inside cache C:\Users\amresh\AppData\Roaming\npm-cache\Matrix_soup\1.0.0\package.tgz
14 silly cache afterAdd Matrix_soup@1.0.0
15 verbose afterAdd C:\Users\amresh\AppData\Roaming\npm-cache\Matrix_soup\1.0.0\package\package.json not in flight; writing
16 verbose afterAdd C:\Users\amresh\AppData\Roaming\npm-cache\Matrix_soup\1.0.0\package\package.json written
17 silly publish { name: 'Matrix_soup',
17 silly publish   version: '1.0.0',
17 silly publish   description: 'Matrix operations- add, subtract, multiply, inverse, determinant, adjoint.',
17 silly publish   main: 'index.js',
17 silly publish   scripts: { test: 'mocha test' },
17 silly publish   repository: { type: 'git', url: '"git@github.com:CodeWingX/Matrix.git"' },
17 silly publish   keywords:
17 silly publish    [ 'matrices',
17 silly publish      'matrix',
17 silly publish      'inverse',
17 silly publish      'determinant',
17 silly publish      'adjoint',
17 silly publish      'transpose' ],
17 silly publish   author:
17 silly publish    { name: 'Amresh Venugopal',
17 silly publish      email: 'amresh.venugopal@gmail.com' },
17 silly publish   license: 'ISC',
17 silly publish   bugs: { url: 'https://github.com/CodeWingX/Matrix.git"/issues' },
17 silly publish   homepage: 'https://github.com/CodeWingX/Matrix.git"',
17 silly publish   devDependencies: { chai: '^3.4.1', mocha: '^2.3.4' },
17 silly publish   gitHead: '89d7a17481c3547b8e7b18982e105035b3c8efe4',
17 silly publish   readme: 'ERROR: No README data found!',
17 silly publish   _id: 'Matrix_soup@1.0.0',
17 silly publish   _shasum: '39dd92b88366746a1ed2b6cf75f0dc09bb1a96a8',
17 silly publish   _from: '.' }
18 silly mapToRegistry name Matrix_soup
19 silly mapToRegistry using default registry
20 silly mapToRegistry registry https://registry.npmjs.org/
21 silly mapToRegistry uri https://registry.npmjs.org/Matrix_soup
22 verbose publish registryBase https://registry.npmjs.org/
23 silly publish uploading C:\Users\amresh\AppData\Roaming\npm-cache\Matrix_soup\1.0.0\package.tgz
24 verbose stack Error: Invalid name: "Matrix_soup"
24 verbose stack     at ensureValidName (c:\Program Files\nodejs\node_modules\npm\node_modules\normalize-package-data\lib\fixer.js:322:15)
24 verbose stack     at Object.module.exports.fixNameField (c:\Program Files\nodejs\node_modules\npm\node_modules\normalize-package-data\lib\fixer.js:211:5)
24 verbose stack     at CachingRegistryClient.publish (c:\Program Files\nodejs\node_modules\npm\node_modules\npm-registry-client\lib\publish.js:41:11)
24 verbose stack     at c:\Program Files\nodejs\node_modules\npm\lib\publish.js:135:14
24 verbose stack     at mapToRegistry (c:\Program Files\nodejs\node_modules\npm\lib\utils\map-to-registry.js:55:3)
24 verbose stack     at publish_ (c:\Program Files\nodejs\node_modules\npm\lib\publish.js:105:3)
24 verbose stack     at Array.<anonymous> (c:\Program Files\nodejs\node_modules\npm\node_modules\slide\lib\bind-actor.js:15:8)
24 verbose stack     at LOOP (c:\Program Files\nodejs\node_modules\npm\node_modules\slide\lib\chain.js:15:14)
24 verbose stack     at LOOP (c:\Program Files\nodejs\node_modules\npm\node_modules\slide\lib\chain.js:14:28)
24 verbose stack     at chain (c:\Program Files\nodejs\node_modules\npm\node_modules\slide\lib\chain.js:20:5)
25 verbose cwd c:\Users\amresh\NodeJS_Projects\matrix
26 error Windows_NT 6.1.7601
27 error argv "c:\\Program Files\\nodejs\\node.exe" "c:\\Program Files\\nodejs\\node_modules\\npm\\bin\\npm-cli.js" "publish"
28 error node v0.12.1
29 error npm  v2.5.1
30 error Invalid name: "Matrix_soup"
31 error If you need help, you may report this error at:
31 error     <http://github.com/npm/npm/issues>
32 verbose exit [ 1, true ]
